\BOOKMARK [0][-]{chapter.1}{\376\377\000\332\000v\000o\000d}{}% 1
\BOOKMARK [0][-]{chapter.2}{\376\377\000R\000e\000l\000a\000t\000e\000d\000\040\000w\000o\000r\000k\000s}{}% 2
\BOOKMARK [0][-]{chapter.3}{\376\377\000A\000n\000a\000l\000\375\000z\000a}{}% 3
\BOOKMARK [1][-]{section.3.1}{\376\377\000P\000a\000r\000s\000o\000v\000\341\000n\000\355\000\040\000b\000i\000n\000\341\000r\000n\000\355\000c\000h\000\040\000d\000a\000t}{chapter.3}% 4
\BOOKMARK [1][-]{section.3.2}{\376\377\000P\000o\000u\001\176\000i\000t\000\355\000\040\000f\000r\000a\000m\000e\000w\000o\000r\000k\000u\000\040\000p\000r\000o\000\040\000p\000r\000\341\000c\000i\000\040\000s\000\040\000g\000r\000a\000f\000i\000c\000k\000o\000u\000\040\000k\000a\000r\000t\000o\000u}{chapter.3}% 5
\BOOKMARK [1][-]{section.3.3}{\376\377\000R\000e\000p\000r\000e\000z\000e\000n\000t\000a\000c\000e\000\040\000d\000u\000n\000g\000e\000o\000n\000u\000\040\000j\000a\000k\000o\000\040\000c\000e\000l\000k\000u}{chapter.3}% 6
\BOOKMARK [1][-]{section.3.4}{\376\377\000R\000e\000p\000r\000e\000z\000e\000n\000t\000a\000c\000e\000\040\000l\000e\000v\000e\000l\001\157}{chapter.3}% 7
\BOOKMARK [1][-]{section.3.5}{\376\377\000R\000e\000p\000r\000e\000z\000e\000n\000t\000a\000c\000e\000\040\000d\000l\000a\001\176\000d\000i\000c}{chapter.3}% 8
\BOOKMARK [1][-]{section.3.6}{\376\377\000P\001\131\000e\000p\000\355\000n\000a\001\015\000e}{chapter.3}% 9
\BOOKMARK [1][-]{section.3.7}{\376\377\000P\000o\000p\000i\000s\000\040\000f\000u\000n\000k\000c\000e\000\040\000a\000\040\000s\000l\000o\001\176\000e\000n\000\355}{chapter.3}% 10
\BOOKMARK [2][-]{subsection.3.7.1}{\376\377\000R\000e\000p\000r\000e\000z\000e\000n\000t\000a\000c\000e\000\040\000p\001\131\000e\000p\000\355\000n\000a\001\015}{section.3.7}% 11
\BOOKMARK [1][-]{section.3.8}{\376\377\000B\000u\000i\000l\000d\000e\000r\000\040\000m\000a\000p}{chapter.3}% 12
\BOOKMARK [1][-]{section.3.9}{\376\377\000I\000n\000i\000c\000i\000a\000l\000i\000z\000a\000c\000e\000\040\000a\000\040\000s\000e\000s\000t\000a\000v\000e\000n\000\355\000\040\000h\000e\000r\000n\000\355\000c\000h\000\040\000m\000a\000p\000\040\000a\000\040\000o\000b\000j\000e\000k\000t\001\157}{chapter.3}% 13
\BOOKMARK [1][-]{section.3.10}{\376\377\000R\000e\000n\000d\000e\000r\000o\000v\000\341\000n\000\355\000\040\000a\000\040\000i\000n\000t\000e\000r\000a\000k\000c\000e}{chapter.3}% 14
\BOOKMARK [1][-]{section.3.11}{\376\377\000H\000e\000r\000n\000\355\000\040\000e\000n\000t\000i\000t\000y}{chapter.3}% 15
\BOOKMARK [2][-]{subsection.3.11.1}{\376\377\000\332\000v\000o\000d}{section.3.11}% 16
\BOOKMARK [2][-]{subsection.3.11.2}{\376\377\000V\000l\000a\000s\000t\000n\000o\000s\000t\000i\000\040\000a\000\040\000s\000c\000h\000o\000p\000n\000o\000s\000t\000i\000\040\000e\000n\000t\000i\000t}{section.3.11}% 17
\BOOKMARK [2][-]{subsection.3.11.3}{\376\377\000R\000e\000l\000a\000c\000e\000\040\000m\000e\000z\000i\000\040\000e\000n\000t\000i\000t\000a\000m\000i}{section.3.11}% 18
\BOOKMARK [2][-]{subsection.3.11.4}{\376\377\000T\001\033\000l\000o\000\040\000a\000\040\000i\000n\000v\000e\000n\000t\000\341\001\131\000e}{section.3.11}% 19
\BOOKMARK [1][-]{section.3.12}{\376\377\000V\001\033\000c\000i}{chapter.3}% 20
\BOOKMARK [1][-]{section.3.13}{\376\377\000A\000k\000c\000e}{chapter.3}% 21
\BOOKMARK [1][-]{section.3.14}{\376\377\000K\000o\000u\000z\000l\000a}{chapter.3}% 22
\BOOKMARK [0][-]{chapter.4}{\376\377\000P\000r\000o\000g\000r\000a\000m\000\341\000t\000o\000r\000s\000k\000\341\000\040\000d\000o\000k\000u\000m\000e\000n\000t\000a\000c\000e}{}% 23
\BOOKMARK [1][-]{section.4.1}{\376\377\000J\000\341\000d\000r\000o\000\040\000e\000n\000g\000i\000n\000u}{chapter.4}% 24
\BOOKMARK [2][-]{subsection.4.1.1}{\376\377\000R\000e\000n\000d\000e\000r\000o\000v\000a\000n\000\355}{section.4.1}% 25
\BOOKMARK [2][-]{subsection.4.1.2}{\376\377\000I\000n\000i\000c\000i\000a\000l\000i\000z\000a\000c\000e\000\040\000h\000r\000\341\001\015\000e}{section.4.1}% 26
\BOOKMARK [1][-]{section.4.2}{\376\377\000R\000o\000z\001\141\000i\001\131\000i\000t\000e\000l\000n\000o\000s\000t\000\040\000d\000l\000a\001\176\000d\000i\000c}{chapter.4}% 27
\BOOKMARK [2][-]{subsection.4.2.1}{\376\377\000P\000o\000p\000i\000s\000\040\000d\000l\000a\001\176\000d\000i\000c}{section.4.2}% 28
\BOOKMARK [2][-]{subsection.4.2.2}{\376\377\000I\000n\000i\000c\000i\000a\000l\000i\000z\000a\000c\000e\000\040\000d\000l\000a\001\176\000d\000i\000c}{section.4.2}% 29
\BOOKMARK [2][-]{subsection.4.2.3}{\376\377\000I\000m\000p\000l\000e\000m\000e\000n\000t\000a\000c\000e\000\040\000d\000l\000a\001\176\000d\000i\000c}{section.4.2}% 30
\BOOKMARK [2][-]{subsection.4.2.4}{\376\377\000S\000t\000r\000a\000n\000y\000\040\000d\000l\000a\001\176\000d\000i\000c}{section.4.2}% 31
\BOOKMARK [1][-]{section.4.3}{\376\377\000R\000e\000n\000d\000e\000r\000e\000r\000y}{chapter.4}% 32
\BOOKMARK [1][-]{section.4.4}{\376\377\000P\001\131\000e\000p\000\355\000n\000a\001\015\000e}{chapter.4}% 33
\BOOKMARK [2][-]{subsection.4.4.1}{\376\377\000\332\000v\000o\000d}{section.4.4}% 34
\BOOKMARK [2][-]{subsection.4.4.2}{\376\377\000I\000m\000p\000l\000e\000m\000e\000n\000t\000a\000c\000e\000\040\000p\001\131\000e\000p\000\355\000n\000a\001\015\001\157\000\040\000s\000e\000\040\000s\000e\000n\000z\000o\000r\000y}{section.4.4}% 35
\BOOKMARK [2][-]{subsection.4.4.3}{\376\377\000I\000m\000p\000l\000e\000m\000e\000n\000t\000a\000c\000e\000\040\000o\000b\000e\000c\000n\000\375\000c\000h\000\040\000p\001\131\000e\000p\000\355\000n\000a\001\015\001\157}{section.4.4}% 36
\BOOKMARK [1][-]{section.4.5}{\376\377\000H\000e\000r\000n\000\355\000\040\000e\000n\000t\000i\000t\000y}{chapter.4}% 37
\BOOKMARK [2][-]{subsection.4.5.1}{\376\377\000I\000m\000p\000l\000e\000m\000e\000n\000t\000a\000c\000e\000\040\000v\000l\000a\000s\000t\000n\000o\000s\000t\000\355\000\040\000e\000n\000t\000i\000t}{section.4.5}% 38
\BOOKMARK [2][-]{subsection.4.5.2}{\376\377\000I\000m\000p\000l\000e\000m\000e\000n\000t\000a\000c\000e\000\040\000s\000c\000h\000o\000p\000n\000o\000s\000t\000\355\000\040\000e\000n\000t\000i\000t}{section.4.5}% 39
\BOOKMARK [2][-]{subsection.4.5.3}{\376\377\000T\001\033\000l\000o\000\040\000a\000\040\000i\000n\000v\000e\000n\000t\000\341\001\131\000e\000\040\000e\000n\000t\000i\000t\000y}{section.4.5}% 40
\BOOKMARK [2][-]{subsection.4.5.4}{\376\377\000R\000o\000z\000m\000\355\000s\000t\001\033\000n\000\355\000\040\000e\000n\000t\000i\000t\000y\000\040\000n\000a\000\040\000d\000l\000a\001\176\000d\000i\000c\000i}{section.4.5}% 41
\BOOKMARK [2][-]{subsection.4.5.5}{\376\377\000R\000e\000l\000a\000c\000e\000\040\000s\000\040\000d\000a\000l\001\141\000\355\000m\000i\000\040\000e\000n\000t\000i\000t\000a\000m\000i}{section.4.5}% 42
\BOOKMARK [2][-]{subsection.4.5.6}{\376\377\000I\000m\000p\000l\000e\000m\000e\000n\000t\000a\000c\000e\000\040\000e\000n\000t\000i\000t}{section.4.5}% 43
\BOOKMARK [0][-]{chapter*.22}{\376\377\000Z\000\341\000v\001\033\000r}{}% 44
\BOOKMARK [0][-]{chapter*.23}{\376\377\000P\001\131\000\355\000l\000o\000h\000y}{}% 45
